<?xml version="1.0" encoding="UTF-8" ?>
<testsuite failures="0" time="1.254" errors="0" skipped="0" tests="6" name="net.sourceforge.subsonic.dao.UserDaoTestCase">
  <properties>
    <property name="java.runtime.name" value="Java(TM) SE Runtime Environment"/>
    <property name="sun.boot.library.path" value="c:\Oracle\Middleware2\jdk160_05\jre\bin"/>
    <property name="java.vm.version" value="10.0-b19"/>
    <property name="java.vm.vendor" value="Sun Microsystems Inc."/>
    <property name="java.vendor.url" value="http://java.sun.com/"/>
    <property name="path.separator" value=";"/>
    <property name="java.vm.name" value="Java HotSpot(TM) Client VM"/>
    <property name="file.encoding.pkg" value="sun.io"/>
    <property name="user.country" value="SE"/>
    <property name="sun.java.launcher" value="SUN_STANDARD"/>
    <property name="sun.os.patch.level" value="Service Pack 1"/>
    <property name="java.vm.specification.name" value="Java Virtual Machine Specification"/>
    <property name="user.dir" value="C:\Users\haer\subsonic\subsonic-main"/>
    <property name="subsonic.home" value="\tmp\subsonic"/>
    <property name="java.runtime.version" value="1.6.0_05-b13"/>
    <property name="java.awt.graphicsenv" value="sun.awt.Win32GraphicsEnvironment"/>
    <property name="basedir" value="C:\Users\haer\subsonic\subsonic-main"/>
    <property name="java.endorsed.dirs" value="c:\Oracle\Middleware2\jdk160_05\jre\lib\endorsed"/>
    <property name="os.arch" value="x86"/>
    <property name="surefire.real.class.path" value="C:\Users\haer\AppData\Local\Temp\surefirebooter2654.jar"/>
    <property name="java.io.tmpdir" value="C:\Users\haer\AppData\Local\Temp\"/>
    <property name="line.separator" value="
"/>
    <property name="java.vm.specification.vendor" value="Sun Microsystems Inc."/>
    <property name="user.variant" value=""/>
    <property name="os.name" value="Windows Vista"/>
    <property name="sun.jnu.encoding" value="Cp1252"/>
    <property name="java.library.path" value="c:\Oracle\Middleware2\jdk160_05\jre\bin;.;C:\windows\Sun\Java\bin;C:\windows\system32;C:\windows;C:\windows\system32;C:\windows;C:\windows\System32\Wbem;C:\windows\System32\WindowsPowerShell\v1.0\;C:\Program Files\WIDCOMM\Bluetooth Software\;C:\Program Files\WIDCOMM\Bluetooth Software\syswow64;c:\Program Files (x86)\Microsoft SQL Server\100\Tools\Binn\;c:\Program Files\Microsoft SQL Server\100\Tools\Binn\;c:\Program Files\Microsoft SQL Server\100\DTS\Binn\;c:\Program Files (x86)\Microsoft SQL Server\100\Tools\Binn\VSShell\Common7\IDE\;c:\Program Files (x86)\Microsoft SQL Server\100\DTS\Binn\;C:\Program Files (x86)\QuickTime\QTSystem;C:\Program Files\SlikSvn\bin;C:\Program Files (x86)\Maven\bin;C:\Program Files (x86)\OpenVPN\bin;C:\Users\haer\workspace-inttjanst\tools\apache-ant-1.7.1\bin"/>
    <property name="surefire.test.class.path" value="C:\Users\haer\subsonic\subsonic-main\target\test-classes;C:\Users\haer\subsonic\subsonic-main\target\classes;C:\Users\haer\.m2\repository\com\github\hakko\musiccabinet\musiccabinet-server\0.5.26\musiccabinet-server-0.5.26.jar;C:\Users\haer\.m2\repository\c3p0\c3p0\0.9.1.2\c3p0-0.9.1.2.jar;C:\Users\haer\.m2\repository\commons-lang\commons-lang\2.5\commons-lang-2.5.jar;C:\Users\haer\.m2\repository\org\apache\httpcomponents\httpclient\4.0.1\httpclient-4.0.1.jar;C:\Users\haer\.m2\repository\org\apache\httpcomponents\httpcore\4.0.1\httpcore-4.0.1.jar;C:\Users\haer\.m2\repository\commons-logging\commons-logging\1.1.1\commons-logging-1.1.1.jar;C:\Users\haer\.m2\repository\commons-codec\commons-codec\1.2\commons-codec-1.2.jar;C:\Users\haer\.m2\repository\postgresql\postgresql\9.0-801.jdbc4\postgresql-9.0-801.jdbc4.jar;C:\Users\haer\.m2\repository\joda-time\joda-time\2.0\joda-time-2.0.jar;C:\Users\haer\.m2\repository\org\springframework\org.springframework.core\3.1.0.RELEASE\org.springframework.core-3.1.0.RELEASE.jar;C:\Users\haer\.m2\repository\org\springframework\spring-beans\3.1.0.RELEASE\spring-beans-3.1.0.RELEASE.jar;C:\Users\haer\.m2\repository\org\springframework\spring-core\3.1.0.RELEASE\spring-core-3.1.0.RELEASE.jar;C:\Users\haer\.m2\repository\org\springframework\spring-asm\3.1.0.RELEASE\spring-asm-3.1.0.RELEASE.jar;C:\Users\haer\.m2\repository\org\springframework\spring-context\3.1.0.RELEASE\spring-context-3.1.0.RELEASE.jar;C:\Users\haer\.m2\repository\org\springframework\spring-aop\3.1.0.RELEASE\spring-aop-3.1.0.RELEASE.jar;C:\Users\haer\.m2\repository\aopalliance\aopalliance\1.0\aopalliance-1.0.jar;C:\Users\haer\.m2\repository\org\springframework\spring-expression\3.1.0.RELEASE\spring-expression-3.1.0.RELEASE.jar;C:\Users\haer\.m2\repository\org\springframework\spring-tx\3.1.0.RELEASE\spring-tx-3.1.0.RELEASE.jar;C:\Users\haer\.m2\repository\org\springframework\spring-jdbc\3.1.0.RELEASE\spring-jdbc-3.1.0.RELEASE.jar;C:\Users\haer\.m2\repository\org\codehaus\woodstox\woodstox-core-asl\4.1.2\woodstox-core-asl-4.1.2.jar;C:\Users\haer\.m2\repository\javax\xml\stream\stax-api\1.0-2\stax-api-1.0-2.jar;C:\Users\haer\.m2\repository\org\codehaus\woodstox\stax2-api\3.1.1\stax2-api-3.1.1.jar;C:\Users\haer\.m2\repository\org\springframework\spring\2.5.6\spring-2.5.6.jar;C:\Users\haer\.m2\repository\org\springframework\spring-webmvc\2.5.6\spring-webmvc-2.5.6.jar;C:\Users\haer\.m2\repository\org\acegisecurity\acegi-security\1.0.5\acegi-security-1.0.5.jar;C:\Users\haer\.m2\repository\oro\oro\2.0.8\oro-2.0.8.jar;C:\Users\haer\.m2\repository\commons-collections\commons-collections\3.1\commons-collections-3.1.jar;C:\Users\haer\.m2\repository\log4j\log4j\1.2.9\log4j-1.2.9.jar;C:\Users\haer\.m2\repository\org\apache\lucene\lucene-core\3.0.3\lucene-core-3.0.3.jar;C:\Users\haer\.m2\repository\cglib\cglib\2.1_3\cglib-2.1_3.jar;C:\Users\haer\.m2\repository\asm\asm\1.5.3\asm-1.5.3.jar;C:\Users\haer\.m2\repository\commons-fileupload\commons-fileupload\1.2\commons-fileupload-1.2.jar;C:\Users\haer\.m2\repository\commons-jxpath\commons-jxpath\1.1\commons-jxpath-1.1.jar;C:\Users\haer\.m2\repository\javax\servlet\servlet-api\2.4\servlet-api-2.4.jar;C:\Users\haer\.m2\repository\junit\junit\4.1\junit-4.1.jar;C:\Users\haer\.m2\repository\ant\ant-optional\1.5.1\ant-optional-1.5.1.jar;C:\Users\haer\.m2\repository\xml-apis\xml-apis\1.0.b2\xml-apis-1.0.b2.jar;C:\Users\haer\.m2\repository\jdom\jdom\1.0\jdom-1.0.jar;C:\Users\haer\.m2\repository\commons-beanutils\commons-beanutils\1.4\commons-beanutils-1.4.jar;C:\Users\haer\.m2\repository\commons-io\commons-io\1.3.1\commons-io-1.3.1.jar;C:\Users\haer\.m2\repository\hsqldb\hsqldb\1.8.0.7\hsqldb-1.8.0.7.jar;C:\Users\haer\.m2\repository\radeox\radeox\1.0-b2\radeox-1.0-b2.jar;C:\Users\haer\.m2\repository\org\directwebremoting\dwr\3.0.rc1\dwr-3.0.rc1.jar;C:\Users\haer\.m2\repository\com\yahoo\platform\yui\yuicompressor\2.3.6\yuicompressor-2.3.6.jar;C:\Users\haer\.m2\repository\ant-zip\ant-zip\1.6.2\ant-zip-1.6.2.jar;C:\Users\haer\.m2\repository\org\jaudiotagger\2.0.2\jaudiotagger-2.0.2.jar;C:\Users\haer\.m2\repository\jfree\jfreechart\1.0.11\jfreechart-1.0.11.jar;C:\Users\haer\.m2\repository\jfree\jcommon\1.0.14\jcommon-1.0.14.jar;C:\Users\haer\.m2\repository\net\sf\ehcache\ehcache\1.6.0-beta3\ehcache-1.6.0-beta3.jar;C:\Users\haer\.m2\repository\javax\servlet\jsp-api\2.0\jsp-api-2.0.jar;C:\Users\haer\.m2\repository\javax\servlet\jstl\1.1.2\jstl-1.1.2.jar;C:\Users\haer\.m2\repository\taglibs\standard\1.1.2\standard-1.1.2.jar;C:\Users\haer\.m2\repository\taglibs\string\1.1.0\string-1.1.0.jar;C:\Users\haer\.m2\repository\net\sbbi\sbbi-upnplib\1.0.4\sbbi-upnplib-1.0.4.jar;C:\Users\haer\.m2\repository\org\wetorrent\weupnp\2009-10-16\weupnp-2009-10-16.jar;C:\Users\haer\.m2\repository\com\hoodcomputing\natpmp\0.1\natpmp-0.1.jar;"/>
    <property name="java.specification.name" value="Java Platform API Specification"/>
    <property name="java.class.version" value="50.0"/>
    <property name="sun.management.compiler" value="HotSpot Client Compiler"/>
    <property name="os.version" value="6.1"/>
    <property name="user.home" value="C:\Users\haer"/>
    <property name="user.timezone" value="Europe/Berlin"/>
    <property name="java.awt.printerjob" value="sun.awt.windows.WPrinterJob"/>
    <property name="java.specification.version" value="1.6"/>
    <property name="file.encoding" value="Cp1252"/>
    <property name="user.name" value="haer"/>
    <property name="java.class.path" value="C:\Users\haer\subsonic\subsonic-main\target\test-classes;C:\Users\haer\subsonic\subsonic-main\target\classes;C:\Users\haer\.m2\repository\com\github\hakko\musiccabinet\musiccabinet-server\0.5.26\musiccabinet-server-0.5.26.jar;C:\Users\haer\.m2\repository\c3p0\c3p0\0.9.1.2\c3p0-0.9.1.2.jar;C:\Users\haer\.m2\repository\commons-lang\commons-lang\2.5\commons-lang-2.5.jar;C:\Users\haer\.m2\repository\org\apache\httpcomponents\httpclient\4.0.1\httpclient-4.0.1.jar;C:\Users\haer\.m2\repository\org\apache\httpcomponents\httpcore\4.0.1\httpcore-4.0.1.jar;C:\Users\haer\.m2\repository\commons-logging\commons-logging\1.1.1\commons-logging-1.1.1.jar;C:\Users\haer\.m2\repository\commons-codec\commons-codec\1.2\commons-codec-1.2.jar;C:\Users\haer\.m2\repository\postgresql\postgresql\9.0-801.jdbc4\postgresql-9.0-801.jdbc4.jar;C:\Users\haer\.m2\repository\joda-time\joda-time\2.0\joda-time-2.0.jar;C:\Users\haer\.m2\repository\org\springframework\org.springframework.core\3.1.0.RELEASE\org.springframework.core-3.1.0.RELEASE.jar;C:\Users\haer\.m2\repository\org\springframework\spring-beans\3.1.0.RELEASE\spring-beans-3.1.0.RELEASE.jar;C:\Users\haer\.m2\repository\org\springframework\spring-core\3.1.0.RELEASE\spring-core-3.1.0.RELEASE.jar;C:\Users\haer\.m2\repository\org\springframework\spring-asm\3.1.0.RELEASE\spring-asm-3.1.0.RELEASE.jar;C:\Users\haer\.m2\repository\org\springframework\spring-context\3.1.0.RELEASE\spring-context-3.1.0.RELEASE.jar;C:\Users\haer\.m2\repository\org\springframework\spring-aop\3.1.0.RELEASE\spring-aop-3.1.0.RELEASE.jar;C:\Users\haer\.m2\repository\aopalliance\aopalliance\1.0\aopalliance-1.0.jar;C:\Users\haer\.m2\repository\org\springframework\spring-expression\3.1.0.RELEASE\spring-expression-3.1.0.RELEASE.jar;C:\Users\haer\.m2\repository\org\springframework\spring-tx\3.1.0.RELEASE\spring-tx-3.1.0.RELEASE.jar;C:\Users\haer\.m2\repository\org\springframework\spring-jdbc\3.1.0.RELEASE\spring-jdbc-3.1.0.RELEASE.jar;C:\Users\haer\.m2\repository\org\codehaus\woodstox\woodstox-core-asl\4.1.2\woodstox-core-asl-4.1.2.jar;C:\Users\haer\.m2\repository\javax\xml\stream\stax-api\1.0-2\stax-api-1.0-2.jar;C:\Users\haer\.m2\repository\org\codehaus\woodstox\stax2-api\3.1.1\stax2-api-3.1.1.jar;C:\Users\haer\.m2\repository\org\springframework\spring\2.5.6\spring-2.5.6.jar;C:\Users\haer\.m2\repository\org\springframework\spring-webmvc\2.5.6\spring-webmvc-2.5.6.jar;C:\Users\haer\.m2\repository\org\acegisecurity\acegi-security\1.0.5\acegi-security-1.0.5.jar;C:\Users\haer\.m2\repository\oro\oro\2.0.8\oro-2.0.8.jar;C:\Users\haer\.m2\repository\commons-collections\commons-collections\3.1\commons-collections-3.1.jar;C:\Users\haer\.m2\repository\log4j\log4j\1.2.9\log4j-1.2.9.jar;C:\Users\haer\.m2\repository\org\apache\lucene\lucene-core\3.0.3\lucene-core-3.0.3.jar;C:\Users\haer\.m2\repository\cglib\cglib\2.1_3\cglib-2.1_3.jar;C:\Users\haer\.m2\repository\asm\asm\1.5.3\asm-1.5.3.jar;C:\Users\haer\.m2\repository\commons-fileupload\commons-fileupload\1.2\commons-fileupload-1.2.jar;C:\Users\haer\.m2\repository\commons-jxpath\commons-jxpath\1.1\commons-jxpath-1.1.jar;C:\Users\haer\.m2\repository\javax\servlet\servlet-api\2.4\servlet-api-2.4.jar;C:\Users\haer\.m2\repository\junit\junit\4.1\junit-4.1.jar;C:\Users\haer\.m2\repository\ant\ant-optional\1.5.1\ant-optional-1.5.1.jar;C:\Users\haer\.m2\repository\xml-apis\xml-apis\1.0.b2\xml-apis-1.0.b2.jar;C:\Users\haer\.m2\repository\jdom\jdom\1.0\jdom-1.0.jar;C:\Users\haer\.m2\repository\commons-beanutils\commons-beanutils\1.4\commons-beanutils-1.4.jar;C:\Users\haer\.m2\repository\commons-io\commons-io\1.3.1\commons-io-1.3.1.jar;C:\Users\haer\.m2\repository\hsqldb\hsqldb\1.8.0.7\hsqldb-1.8.0.7.jar;C:\Users\haer\.m2\repository\radeox\radeox\1.0-b2\radeox-1.0-b2.jar;C:\Users\haer\.m2\repository\org\directwebremoting\dwr\3.0.rc1\dwr-3.0.rc1.jar;C:\Users\haer\.m2\repository\com\yahoo\platform\yui\yuicompressor\2.3.6\yuicompressor-2.3.6.jar;C:\Users\haer\.m2\repository\ant-zip\ant-zip\1.6.2\ant-zip-1.6.2.jar;C:\Users\haer\.m2\repository\org\jaudiotagger\2.0.2\jaudiotagger-2.0.2.jar;C:\Users\haer\.m2\repository\jfree\jfreechart\1.0.11\jfreechart-1.0.11.jar;C:\Users\haer\.m2\repository\jfree\jcommon\1.0.14\jcommon-1.0.14.jar;C:\Users\haer\.m2\repository\net\sf\ehcache\ehcache\1.6.0-beta3\ehcache-1.6.0-beta3.jar;C:\Users\haer\.m2\repository\javax\servlet\jsp-api\2.0\jsp-api-2.0.jar;C:\Users\haer\.m2\repository\javax\servlet\jstl\1.1.2\jstl-1.1.2.jar;C:\Users\haer\.m2\repository\taglibs\standard\1.1.2\standard-1.1.2.jar;C:\Users\haer\.m2\repository\taglibs\string\1.1.0\string-1.1.0.jar;C:\Users\haer\.m2\repository\net\sbbi\sbbi-upnplib\1.0.4\sbbi-upnplib-1.0.4.jar;C:\Users\haer\.m2\repository\org\wetorrent\weupnp\2009-10-16\weupnp-2009-10-16.jar;C:\Users\haer\.m2\repository\com\hoodcomputing\natpmp\0.1\natpmp-0.1.jar;"/>
    <property name="java.vm.specification.version" value="1.0"/>
    <property name="sun.arch.data.model" value="32"/>
    <property name="java.home" value="c:\Oracle\Middleware2\jdk160_05\jre"/>
    <property name="java.specification.vendor" value="Sun Microsystems Inc."/>
    <property name="user.language" value="sv"/>
    <property name="awt.toolkit" value="sun.awt.windows.WToolkit"/>
    <property name="java.vm.info" value="mixed mode"/>
    <property name="java.version" value="1.6.0_05"/>
    <property name="java.ext.dirs" value="c:\Oracle\Middleware2\jdk160_05\jre\lib\ext;C:\windows\Sun\Java\lib\ext"/>
    <property name="sun.boot.class.path" value="c:\Oracle\Middleware2\jdk160_05\jre\lib\resources.jar;c:\Oracle\Middleware2\jdk160_05\jre\lib\rt.jar;c:\Oracle\Middleware2\jdk160_05\jre\lib\sunrsasign.jar;c:\Oracle\Middleware2\jdk160_05\jre\lib\jsse.jar;c:\Oracle\Middleware2\jdk160_05\jre\lib\jce.jar;c:\Oracle\Middleware2\jdk160_05\jre\lib\charsets.jar;c:\Oracle\Middleware2\jdk160_05\jre\classes"/>
    <property name="java.vendor" value="Sun Microsystems Inc."/>
    <property name="musiccabinet.jdbc.password" value=""/>
    <property name="localRepository" value="C:\Users\haer\.m2\repository"/>
    <property name="file.separator" value="\"/>
    <property name="java.vendor.url.bug" value="http://java.sun.com/cgi-bin/bugreport.cgi"/>
    <property name="sun.cpu.endian" value="little"/>
    <property name="sun.io.unicode.encoding" value="UnicodeLittle"/>
    <property name="sun.desktop" value="windows"/>
    <property name="sun.cpu.isalist" value="pentium_pro+mmx pentium_pro pentium+mmx pentium i486 i386 i86"/>
  </properties>
  <testcase time="0.182" classname="net.sourceforge.subsonic.dao.UserDaoTestCase" name="testCreateUser"/>
  <testcase time="0.186" classname="net.sourceforge.subsonic.dao.UserDaoTestCase" name="testUpdateUser"/>
  <testcase time="0.196" classname="net.sourceforge.subsonic.dao.UserDaoTestCase" name="testGetUserByName"/>
  <testcase time="0.214" classname="net.sourceforge.subsonic.dao.UserDaoTestCase" name="testDeleteUser"/>
  <testcase time="0.206" classname="net.sourceforge.subsonic.dao.UserDaoTestCase" name="testGetRolesForUser"/>
  <testcase time="0.266" classname="net.sourceforge.subsonic.dao.UserDaoTestCase" name="testUserSettings"/>
</testsuite>